<?xml version="1.0" encoding="UTF-8"?>
<testsuites name="MyHours_TestSuite" time="19" tests="2" failures="1" errors="0">
   <testsuite name="MyHours_TestSuite" tests="2" failures="1" errors="0" time="19" timestamp="2018-06-26 17:53:59" hostname="Zahir - DESKTOP-DH2KCP9.lan" id="Test Suites/MyHours_TestSuite">
      <properties>
         <property name="deviceName" value=""/>
         <property name="devicePlatform" value=""/>
         <property name="logFolder" value="C:\\Users\\Zahir\\Katalon Studio\\MyHours_Assignment\\Reports\\MyHours_TestSuite\\20180626_175358"/>
         <property name="logFiles" value="C:\\Users\\Zahir\\Katalon Studio\\MyHours_Assignment\\Reports\\MyHours_TestSuite\\20180626_175358\\execution0.log"/>
         <property name="attachments" value=""/>
         <property name="hostName" value="Zahir - DESKTOP-DH2KCP9.lan"/>
         <property name="os" value="Windows 10 64bit"/>
         <property name="katalonVersion" value="5.3.0.1"/>
         <property name="browser" value="Chrome 67.0.3396.87"/>
         <property name="hostAddress" value="192.168.1.80"/>
         <property name="sessionId" value="9dd5d54039fd2df6c975c99e1ad66b08"/>
         <property name="seleniumVersion" value="3.7.1"/>
         <property name="proxyInformation" value="ProxyInformation{proxyOption=NO_PROXY, proxyServerType=HTTP, password=, proxyServerAddress=, proxyServerPort=0}"/>
         <property name="platform" value="Windows 10"/>
      </properties>
      <testcase name="Test Cases/Login/Login_TestCase" classname="Test Cases/Login/Login_TestCase" status="PASSED">
         <system-out><![CDATA[2018-06-26 17:54:00 - [TEST_CASE][PASSED] - Test Cases/Login/Login_TestCase: Test Cases/Login/Login_TestCase

2018-06-26 17:54:01 - [TEST_STEP][PASSED] - openBrowser: Browser is opened with url: ''

2018-06-26 17:54:04 - [MESSAGE][PASSED] - Browser is opened with url: ''

2018-06-26 17:54:04 - [TEST_STEP][PASSED] - navigateToUrl: Navigate to 'https://app.myhours.com/#/signin' successfully

2018-06-26 17:54:14 - [MESSAGE][PASSED] - Navigate to 'https://app.myhours.com/#/signin' successfully

2018-06-26 17:54:14 - [TEST_STEP][PASSED] - waitForElementVisible: Object 'Object Repository/Login_Object_Repository/input_email' is visible

2018-06-26 17:54:14 - [MESSAGE][PASSED] - Object 'Object Repository/Login_Object_Repository/input_email' is visible

2018-06-26 17:54:14 - [TEST_STEP][PASSED] - setText: Text 'zaheeeb@gmail.com' is set on object 'Object Repository/Login_Object_Repository/input_email'

2018-06-26 17:54:15 - [MESSAGE][PASSED] - Text 'zaheeeb@gmail.com' is set on object 'Object Repository/Login_Object_Repository/input_email'

2018-06-26 17:54:15 - [TEST_STEP][PASSED] - setText: Text 'test12345' is set on object 'Object Repository/Login_Object_Repository/input_password'

2018-06-26 17:54:15 - [MESSAGE][PASSED] - Text 'test12345' is set on object 'Object Repository/Login_Object_Repository/input_password'

2018-06-26 17:54:15 - [TEST_STEP][PASSED] - sendKeys: Keys 'ENTER + ' sent to object: 'Object Repository/Login_Object_Repository/input_password'

2018-06-26 17:54:15 - [MESSAGE][PASSED] - Keys 'ENTER + ' sent to object: 'Object Repository/Login_Object_Repository/input_password'

2018-06-26 17:54:15 - [TEST_STEP][PASSED] - callTestCase: Call Test Case 'Test Cases/Logout/Logout_TestCase' successfully

2018-06-26 17:54:15 - [TEST_CASE][PASSED] - Test Cases/Logout/Logout_TestCase: Test Cases/Logout/Logout_TestCase

2018-06-26 17:54:15 - [TEST_STEP][PASSED] - click: Object: 'Object Repository/Logout_Object_Repository/a_Zahir Babur' is clicked on

2018-06-26 17:54:17 - [MESSAGE][PASSED] - Object: 'Object Repository/Logout_Object_Repository/a_Zahir Babur' is clicked on

2018-06-26 17:54:17 - [TEST_STEP][PASSED] - click: Object: 'Object Repository/Logout_Object_Repository/a_Sign out' is clicked on

2018-06-26 17:54:17 - [MESSAGE][PASSED] - Object: 'Object Repository/Logout_Object_Repository/a_Sign out' is clicked on

2018-06-26 17:54:17 - [TEST_STEP][PASSED] - closeBrowser: Browser is closed

2018-06-26 17:54:18 - [MESSAGE][PASSED] - Browser is closed

2018-06-26 17:54:18 - [MESSAGE][PASSED] - Call Test Case 'Test Cases/Logout/Logout_TestCase' successfully]]></system-out>
         <system-err><![CDATA[]]></system-err>
      </testcase>
      <testcase name="Test Cases/TrackActivity/TrackActivity_TestCase" classname="Test Cases/TrackActivity/TrackActivity_TestCase" status="PASSED">
         <system-out><![CDATA[2018-06-26 17:54:18 - [TEST_CASE][PASSED] - Test Cases/TrackActivity/TrackActivity_TestCase: Test Cases/TrackActivity/TrackActivity_TestCase

2018-06-26 17:54:18 - [TEST_STEP][PASSED] - Statement - return null: null]]></system-out>
         <system-err><![CDATA[]]></system-err>
      </testcase>
      <testcase name="Test Cases/Logout/Logout_TestCase" classname="Test Cases/Logout/Logout_TestCase" status="FAILED">
         <failure type="FAILED" message="Unable to click on object 'Object Repository/Logout_Object_Repository/a_Zahir Babur' (Root cause: com.kms.katalon.core.webui.exception.BrowserNotOpenedException: Browser is not opened
Build info: version: '3.7.1', revision: '8a0099a', time: '2017-11-06T21:07:36.161Z'
System info: host: 'DESKTOP-DH2KCP9', ip: '192.168.1.80', os.name: 'Windows 10', os.arch: 'amd64', os.version: '10.0', java.version: '1.8.0_102'
Driver info: driver.version: unknown)"/>
         <system-out><![CDATA[2018-06-26 17:54:18 - [TEST_CASE][FAILED] - Test Cases/Logout/Logout_TestCase: Test Cases/Logout/Logout_TestCase FAILED because (of) Unable to click on object 'Object Repository/Logout_Object_Repository/a_Zahir Babur' (Root cause: com.kms.katalon.core.webui.exception.BrowserNotOpenedException: Browser is not opened
Build info: version: '3.7.1', revision: '8a0099a', time: '2017-11-06T21:07:36.161Z'
System info: host: 'DESKTOP-DH2KCP9', ip: '192.168.1.80', os.name: 'Windows 10', os.arch: 'amd64', os.version: '10.0', java.version: '1.8.0_102'
Driver info: driver.version: unknown)

2018-06-26 17:54:18 - [TEST_STEP][FAILED] - click: Unable to click on object 'Object Repository/Logout_Object_Repository/a_Zahir Babur' (Root cause: com.kms.katalon.core.webui.exception.BrowserNotOpenedException: Browser is not opened
Build info: version: '3.7.1', revision: '8a0099a', time: '2017-11-06T21:07:36.161Z'
System info: host: 'DESKTOP-DH2KCP9', ip: '192.168.1.80', os.name: 'Windows 10', os.arch: 'amd64', os.version: '10.0', java.version: '1.8.0_102'
Driver info: driver.version: unknown)

2018-06-26 17:54:18 - [MESSAGE][WARNING] - Cannot take screenshot

2018-06-26 17:54:18 - [MESSAGE][FAILED] - Unable to click on object 'Object Repository/Logout_Object_Repository/a_Zahir Babur' (Root cause: com.kms.katalon.core.webui.exception.BrowserNotOpenedException: Browser is not opened
Build info: version: '3.7.1', revision: '8a0099a', time: '2017-11-06T21:07:36.161Z'
System info: host: 'DESKTOP-DH2KCP9', ip: '192.168.1.80', os.name: 'Windows 10', os.arch: 'amd64', os.version: '10.0', java.version: '1.8.0_102'
Driver info: driver.version: unknown)]]></system-out>
         <system-err><![CDATA[2018-06-26 17:54:18 - [TEST_CASE][FAILED] - Test Cases/Logout/Logout_TestCase: Test Cases/Logout/Logout_TestCase FAILED because (of) Unable to click on object 'Object Repository/Logout_Object_Repository/a_Zahir Babur' (Root cause: com.kms.katalon.core.webui.exception.BrowserNotOpenedException: Browser is not opened
Build info: version: '3.7.1', revision: '8a0099a', time: '2017-11-06T21:07:36.161Z'
System info: host: 'DESKTOP-DH2KCP9', ip: '192.168.1.80', os.name: 'Windows 10', os.arch: 'amd64', os.version: '10.0', java.version: '1.8.0_102'
Driver info: driver.version: unknown)]]></system-err>
      </testcase>
      <system-out><![CDATA[2018-06-26 17:53:59 - [TEST_SUITE][FAILED] - MyHours_TestSuite: Test Cases/Logout/Logout_TestCase FAILED because (of) Unable to click on object 'Object Repository/Logout_Object_Repository/a_Zahir Babur' (Root cause: com.kms.katalon.core.webui.exception.BrowserNotOpenedException: Browser is not opened
Build info: version: '3.7.1', revision: '8a0099a', time: '2017-11-06T21:07:36.161Z'
System info: host: 'DESKTOP-DH2KCP9', ip: '192.168.1.80', os.name: 'Windows 10', os.arch: 'amd64', os.version: '10.0', java.version: '1.8.0_102'
Driver info: driver.version: unknown)]]></system-out>
      <system-err><![CDATA[2018-06-26 17:53:59 - [TEST_SUITE][FAILED] - MyHours_TestSuite: Test Cases/Logout/Logout_TestCase FAILED because (of) Unable to click on object 'Object Repository/Logout_Object_Repository/a_Zahir Babur' (Root cause: com.kms.katalon.core.webui.exception.BrowserNotOpenedException: Browser is not opened
Build info: version: '3.7.1', revision: '8a0099a', time: '2017-11-06T21:07:36.161Z'
System info: host: 'DESKTOP-DH2KCP9', ip: '192.168.1.80', os.name: 'Windows 10', os.arch: 'amd64', os.version: '10.0', java.version: '1.8.0_102'
Driver info: driver.version: unknown)]]></system-err>
   </testsuite>
</testsuites>
