<?xml version="1.0" encoding="UTF-8"?>
<testsuites name="MyHours_TestSuite" time="47" tests="1" failures="1" errors="0">
   <testsuite name="MyHours_TestSuite" tests="1" failures="1" errors="0" time="47" timestamp="2018-06-26 21:13:45" hostname="Zahir - DESKTOP-DH2KCP9.lan" id="Test Suites/MyHours_TestSuite">
      <properties>
         <property name="deviceName" value=""/>
         <property name="devicePlatform" value=""/>
         <property name="logFolder" value="C:\\Users\\Zahir\\Katalon Studio\\MyHours_Assignment\\Reports\\MyHours_TestSuite\\20180626_211343"/>
         <property name="logFiles" value="C:\\Users\\Zahir\\Katalon Studio\\MyHours_Assignment\\Reports\\MyHours_TestSuite\\20180626_211343\\execution0.log"/>
         <property name="attachments" value="C:\\Users\\Zahir\\Katalon Studio\\MyHours_Assignment\\Reports\\MyHours_TestSuite\\20180626_211343\\1530036872127.png"/>
         <property name="hostName" value="Zahir - DESKTOP-DH2KCP9.lan"/>
         <property name="os" value="Windows 10 64bit"/>
         <property name="katalonVersion" value="5.3.0.1"/>
         <property name="browser" value="Firefox 60.0"/>
         <property name="hostAddress" value="192.168.1.80"/>
         <property name="sessionId" value="3e1a63da-724f-4bfc-a682-e44f57b9feb6"/>
         <property name="seleniumVersion" value="3.7.1"/>
         <property name="proxyInformation" value="ProxyInformation{proxyOption=NO_PROXY, proxyServerType=HTTP, password=, proxyServerAddress=, proxyServerPort=0}"/>
         <property name="platform" value="Windows 10"/>
      </properties>
      <testcase name="Test Cases/Login/Login_TestCase" classname="Test Cases/Login/Login_TestCase" status="PASSED">
         <system-out><![CDATA[2018-06-26 21:13:46 - [TEST_CASE][PASSED] - Test Cases/Login/Login_TestCase: Test Cases/Login/Login_TestCase

2018-06-26 21:13:46 - [TEST_STEP][PASSED] - openBrowser: Browser is opened with url: ''

2018-06-26 21:13:52 - [MESSAGE][PASSED] - Browser is opened with url: ''

2018-06-26 21:13:52 - [TEST_STEP][PASSED] - navigateToUrl: Navigate to 'https://app.myhours.com/#/signin' successfully

2018-06-26 21:13:55 - [MESSAGE][PASSED] - Navigate to 'https://app.myhours.com/#/signin' successfully

2018-06-26 21:13:55 - [TEST_STEP][PASSED] - waitForElementVisible: Object 'Object Repository/Login_Object_Repository/input_email' is visible

2018-06-26 21:13:55 - [MESSAGE][PASSED] - Object 'Object Repository/Login_Object_Repository/input_email' is visible

2018-06-26 21:13:55 - [TEST_STEP][PASSED] - setText: Text 'zaheeeb@gmail.com' is set on object 'Object Repository/Login_Object_Repository/input_email'

2018-06-26 21:13:56 - [MESSAGE][PASSED] - Text 'zaheeeb@gmail.com' is set on object 'Object Repository/Login_Object_Repository/input_email'

2018-06-26 21:13:56 - [TEST_STEP][PASSED] - setText: Text 'test12345' is set on object 'Object Repository/Login_Object_Repository/input_password'

2018-06-26 21:13:56 - [MESSAGE][PASSED] - Text 'test12345' is set on object 'Object Repository/Login_Object_Repository/input_password'

2018-06-26 21:13:56 - [TEST_STEP][PASSED] - sendKeys: Keys 'ENTER + ' sent to object: 'Object Repository/Login_Object_Repository/input_password'

2018-06-26 21:13:56 - [MESSAGE][PASSED] - Keys 'ENTER + ' sent to object: 'Object Repository/Login_Object_Repository/input_password']]></system-out>
         <system-err><![CDATA[]]></system-err>
      </testcase>
      <testcase name="Test Cases/TrackActivity/NewActivity_TestCase" classname="Test Cases/TrackActivity/NewActivity_TestCase" status="FAILED">
         <failure type="FAILED" message="Unable to click on object 'Object Repository/NewActivity_Object_Repository/textarea_form-control ng-untou' (Root cause: com.kms.katalon.core.webui.exception.WebElementNotFoundException: Web element with id: 'Object Repository/NewActivity_Object_Repository/textarea_form-control ng-untou' located by 'By.xpath: ' not found)"/>
         <system-out><![CDATA[2018-06-26 21:13:56 - [TEST_CASE][FAILED] - Test Cases/TrackActivity/NewActivity_TestCase: Test Cases/TrackActivity/NewActivity_TestCase FAILED because (of) Unable to click on object 'Object Repository/NewActivity_Object_Repository/textarea_form-control ng-untou' (Root cause: com.kms.katalon.core.webui.exception.WebElementNotFoundException: Web element with id: 'Object Repository/NewActivity_Object_Repository/textarea_form-control ng-untou' located by 'By.xpath: ' not found)

2018-06-26 21:13:56 - [TEST_STEP][PASSED] - click: Object: 'Object Repository/NewActivity_Object_Repository/i_caret pull-right' is clicked on

2018-06-26 21:13:58 - [MESSAGE][PASSED] - Object: 'Object Repository/NewActivity_Object_Repository/i_caret pull-right' is clicked on

2018-06-26 21:13:58 - [TEST_STEP][PASSED] - click: Object: 'Object Repository/NewActivity_Object_Repository/span_Project' is clicked on

2018-06-26 21:13:59 - [MESSAGE][PASSED] - Object: 'Object Repository/NewActivity_Object_Repository/span_Project' is clicked on

2018-06-26 21:13:59 - [TEST_STEP][PASSED] - click: Object: 'Object Repository/NewActivity_Object_Repository/i_caret pull-right_1' is clicked on

2018-06-26 21:13:59 - [MESSAGE][PASSED] - Object: 'Object Repository/NewActivity_Object_Repository/i_caret pull-right_1' is clicked on

2018-06-26 21:13:59 - [TEST_STEP][PASSED] - click: Object: 'Object Repository/NewActivity_Object_Repository/span_Meeting With Client' is clicked on

2018-06-26 21:14:00 - [MESSAGE][PASSED] - Object: 'Object Repository/NewActivity_Object_Repository/span_Meeting With Client' is clicked on

2018-06-26 21:14:00 - [TEST_STEP][PASSED] - waitForElementPresent: Object 'Object Repository/NewActivity_Object_Repository/input_form-control ng-pristine' is present

2018-06-26 21:14:00 - [MESSAGE][PASSED] - Object 'Object Repository/NewActivity_Object_Repository/input_form-control ng-pristine' is present

2018-06-26 21:14:00 - [TEST_STEP][PASSED] - click: Object: 'Object Repository/NewActivity_Object_Repository/input_form-control ng-pristine' is clicked on

2018-06-26 21:14:00 - [MESSAGE][PASSED] - Object: 'Object Repository/NewActivity_Object_Repository/input_form-control ng-pristine' is clicked on

2018-06-26 21:14:00 - [TEST_STEP][PASSED] - setText: Text '01:00' is set on object 'Object Repository/NewActivity_Object_Repository/input_form-control ng-pristine'

2018-06-26 21:14:00 - [MESSAGE][PASSED] - Text '01:00' is set on object 'Object Repository/NewActivity_Object_Repository/input_form-control ng-pristine'

2018-06-26 21:14:00 - [TEST_STEP][PASSED] - click: Object: 'Object Repository/NewActivity_Object_Repository/input_form-control ng-pristine' is clicked on

2018-06-26 21:14:01 - [MESSAGE][PASSED] - Object: 'Object Repository/NewActivity_Object_Repository/input_form-control ng-pristine' is clicked on

2018-06-26 21:14:01 - [TEST_STEP][PASSED] - setText: Text '02' is set on object 'Object Repository/NewActivity_Object_Repository/input_form-control ng-pristine'

2018-06-26 21:14:01 - [MESSAGE][PASSED] - Text '02' is set on object 'Object Repository/NewActivity_Object_Repository/input_form-control ng-pristine'

2018-06-26 21:14:01 - [TEST_STEP][PASSED] - setText: Text '10' is set on object 'Object Repository/NewActivity_Object_Repository/input_addCost'

2018-06-26 21:14:01 - [MESSAGE][PASSED] - Text '10' is set on object 'Object Repository/NewActivity_Object_Repository/input_addCost'

2018-06-26 21:14:01 - [TEST_STEP][FAILED] - click: Unable to click on object 'Object Repository/NewActivity_Object_Repository/textarea_form-control ng-untou' (Root cause: com.kms.katalon.core.webui.exception.WebElementNotFoundException: Web element with id: 'Object Repository/NewActivity_Object_Repository/textarea_form-control ng-untou' located by 'By.xpath: ' not found)

2018-06-26 21:14:32 - [MESSAGE][FAILED] - Unable to click on object 'Object Repository/NewActivity_Object_Repository/textarea_form-control ng-untou' (Root cause: com.kms.katalon.core.webui.exception.WebElementNotFoundException: Web element with id: 'Object Repository/NewActivity_Object_Repository/textarea_form-control ng-untou' located by 'By.xpath: ' not found)
[[ATTACHMENT|C:\\Users\\Zahir\\Katalon Studio\\MyHours_Assignment\\Reports\\MyHours_TestSuite\\20180626_211343\\1530036872127.png]]]]></system-out>
         <system-err><![CDATA[2018-06-26 21:13:56 - [TEST_CASE][FAILED] - Test Cases/TrackActivity/NewActivity_TestCase: Test Cases/TrackActivity/NewActivity_TestCase FAILED because (of) Unable to click on object 'Object Repository/NewActivity_Object_Repository/textarea_form-control ng-untou' (Root cause: com.kms.katalon.core.webui.exception.WebElementNotFoundException: Web element with id: 'Object Repository/NewActivity_Object_Repository/textarea_form-control ng-untou' located by 'By.xpath: ' not found)]]></system-err>
      </testcase>
      <system-out><![CDATA[2018-06-26 21:13:45 - [TEST_SUITE][FAILED] - MyHours_TestSuite: Test Cases/TrackActivity/NewActivity_TestCase FAILED because (of) Unable to click on object 'Object Repository/NewActivity_Object_Repository/textarea_form-control ng-untou' (Root cause: com.kms.katalon.core.webui.exception.WebElementNotFoundException: Web element with id: 'Object Repository/NewActivity_Object_Repository/textarea_form-control ng-untou' located by 'By.xpath: ' not found)]]></system-out>
      <system-err><![CDATA[2018-06-26 21:13:45 - [TEST_SUITE][FAILED] - MyHours_TestSuite: Test Cases/TrackActivity/NewActivity_TestCase FAILED because (of) Unable to click on object 'Object Repository/NewActivity_Object_Repository/textarea_form-control ng-untou' (Root cause: com.kms.katalon.core.webui.exception.WebElementNotFoundException: Web element with id: 'Object Repository/NewActivity_Object_Repository/textarea_form-control ng-untou' located by 'By.xpath: ' not found)]]></system-err>
   </testsuite>
</testsuites>
