<?xml version="1.0" encoding="UTF-8"?>
<testsuites name="MyHours_TestSuite" time="47" tests="4" failures="2" errors="0">
   <testsuite name="MyHours_TestSuite" tests="4" failures="2" errors="0" time="47" timestamp="2018-07-01 13:52:26" hostname="Zahir - DESKTOP-DH2KCP9.lan" id="Test Suites/MyHours_TestSuite">
      <properties>
         <property name="deviceName" value=""/>
         <property name="devicePlatform" value=""/>
         <property name="logFolder" value="C:\\Users\\Zahir\\Katalon Studio\\MyHours_Assignment\\Reports\\MyHours_TestSuite\\20180701_135223"/>
         <property name="logFiles" value="C:\\Users\\Zahir\\Katalon Studio\\MyHours_Assignment\\Reports\\MyHours_TestSuite\\20180701_135223\\execution0.log"/>
         <property name="attachments" value=""/>
         <property name="hostName" value="Zahir - DESKTOP-DH2KCP9.lan"/>
         <property name="os" value="Windows 10 64bit"/>
         <property name="katalonVersion" value="5.3.0.1"/>
         <property name="browser" value="Firefox 61.0"/>
         <property name="hostAddress" value="192.168.1.80"/>
         <property name="sessionId" value="f338176c-60eb-4d10-9ef3-ca2ff63ee558"/>
         <property name="seleniumVersion" value="3.7.1"/>
         <property name="proxyInformation" value="ProxyInformation{proxyOption=NO_PROXY, proxyServerType=HTTP, password=, proxyServerAddress=, proxyServerPort=0}"/>
         <property name="platform" value="Windows 10"/>
      </properties>
      <testcase name="Test Cases/1.Login/Login_TestCase" classname="Test Cases/1.Login/Login_TestCase" status="PASSED">
         <system-out><![CDATA[2018-07-01 13:52:27 - [TEST_CASE][PASSED] - Test Cases/1.Login/Login_TestCase: Test Cases/1.Login/Login_TestCase

2018-07-01 13:52:27 - [TEST_STEP][PASSED] - Start setup action : setup: Method 'setup' complete successfully

2018-07-01 13:52:27 - [TEST_STEP][PASSED] - openBrowser: Browser is opened with url: 'https://app.myhours.com/#/signin'

2018-07-01 13:52:38 - [MESSAGE][PASSED] - Browser is opened with url: 'https://app.myhours.com/#/signin'

2018-07-01 13:52:38 - [MESSAGE][PASSED] - Method 'setup' complete successfully

2018-07-01 13:52:38 - [TEST_STEP][PASSED] - waitForElementVisible: Object 'Object Repository/1.Login_Object_Repository/input_email' is visible

2018-07-01 13:52:38 - [MESSAGE][PASSED] - Object 'Object Repository/1.Login_Object_Repository/input_email' is visible

2018-07-01 13:52:38 - [TEST_STEP][PASSED] - setText: Text 'zaheeeb@gmail.com' is set on object 'Object Repository/1.Login_Object_Repository/input_email'

2018-07-01 13:52:39 - [MESSAGE][PASSED] - Text 'zaheeeb@gmail.com' is set on object 'Object Repository/1.Login_Object_Repository/input_email'

2018-07-01 13:52:39 - [TEST_STEP][PASSED] - setText: Text 'test1234' is set on object 'Object Repository/1.Login_Object_Repository/input_password'

2018-07-01 13:52:39 - [MESSAGE][PASSED] - Text 'test1234' is set on object 'Object Repository/1.Login_Object_Repository/input_password'

2018-07-01 13:52:39 - [TEST_STEP][PASSED] - click: Object: 'Object Repository/1.Login_Object_Repository/button_Sign in' is clicked on

2018-07-01 13:52:39 - [MESSAGE][PASSED] - Object: 'Object Repository/1.Login_Object_Repository/button_Sign in' is clicked on

2018-07-01 13:52:39 - [TEST_STEP][PASSED] - Statement - switch (varLoginMessage.toString()): null

2018-07-01 13:52:39 - [TEST_STEP][PASSED] - Statement - case "wrong_password":: null

2018-07-01 13:52:39 - [TEST_STEP][PASSED] - Statement - errorMsg = com.kms.katalon.core.webui.keyword.WebUiBuiltInKeywords.getText(com.kms.katalon.core.testobject.ObjectRepository.findTestObject(1.Login_Object_Repository/div_There was a problem with a)): Text of object 'Object Repository/1.Login_Object_Repository/div_There was a problem with a' is: 'There was a problem with authenticating: Invalid username or password..'

2018-07-01 13:52:40 - [MESSAGE][PASSED] - Text of object 'Object Repository/1.Login_Object_Repository/div_There was a problem with a' is: 'There was a problem with authenticating: Invalid username or password..'

2018-07-01 13:52:40 - [TEST_STEP][PASSED] - verifyEqual: Actual object 'true' and expected object 'true' are equal

2018-07-01 13:52:40 - [MESSAGE][PASSED] - Actual object 'true' and expected object 'true' are equal

2018-07-01 13:52:40 - [TEST_STEP][PASSED] - Statement - Break: null]]></system-out>
         <system-err><![CDATA[]]></system-err>
      </testcase>
      <testcase name="Test Cases/1.Login/Login_TestCase" classname="Test Cases/1.Login/Login_TestCase" status="PASSED">
         <system-out><![CDATA[2018-07-01 13:52:40 - [TEST_CASE][PASSED] - Test Cases/1.Login/Login_TestCase: Test Cases/1.Login/Login_TestCase

2018-07-01 13:52:40 - [TEST_STEP][PASSED] - Start setup action : setup: Method 'setup' complete successfully

2018-07-01 13:52:40 - [TEST_STEP][PASSED] - openBrowser: Browser is opened with url: 'https://app.myhours.com/#/signin'

2018-07-01 13:52:40 - [MESSAGE][WARNING] - A browser is already opened. Closing browser and opening a new one

2018-07-01 13:52:49 - [MESSAGE][PASSED] - Browser is opened with url: 'https://app.myhours.com/#/signin'

2018-07-01 13:52:49 - [MESSAGE][PASSED] - Method 'setup' complete successfully

2018-07-01 13:52:49 - [TEST_STEP][PASSED] - waitForElementVisible: Object 'Object Repository/1.Login_Object_Repository/input_email' is visible

2018-07-01 13:52:49 - [MESSAGE][PASSED] - Object 'Object Repository/1.Login_Object_Repository/input_email' is visible

2018-07-01 13:52:49 - [TEST_STEP][PASSED] - setText: Text 'zaheeeb@gmail.com' is set on object 'Object Repository/1.Login_Object_Repository/input_email'

2018-07-01 13:52:49 - [MESSAGE][PASSED] - Text 'zaheeeb@gmail.com' is set on object 'Object Repository/1.Login_Object_Repository/input_email'

2018-07-01 13:52:49 - [TEST_STEP][PASSED] - setText: Text 'test12345' is set on object 'Object Repository/1.Login_Object_Repository/input_password'

2018-07-01 13:52:50 - [MESSAGE][PASSED] - Text 'test12345' is set on object 'Object Repository/1.Login_Object_Repository/input_password'

2018-07-01 13:52:50 - [TEST_STEP][PASSED] - click: Object: 'Object Repository/1.Login_Object_Repository/button_Sign in' is clicked on

2018-07-01 13:52:50 - [MESSAGE][PASSED] - Object: 'Object Repository/1.Login_Object_Repository/button_Sign in' is clicked on

2018-07-01 13:52:50 - [TEST_STEP][PASSED] - Statement - switch (varLoginMessage.toString()): null]]></system-out>
         <system-err><![CDATA[]]></system-err>
      </testcase>
      <testcase name="Test Cases/2.TrackActivity/NewActivity_TestCase" classname="Test Cases/2.TrackActivity/NewActivity_TestCase" status="PASSED">
         <system-out><![CDATA[2018-07-01 13:52:50 - [TEST_CASE][PASSED] - Test Cases/2.TrackActivity/NewActivity_TestCase: Test Cases/2.TrackActivity/NewActivity_TestCase

2018-07-01 13:52:50 - [TEST_STEP][PASSED] - click: Object: 'Object Repository/2.NewActivity_Object_Repository/i_caret pull-right' is clicked on

2018-07-01 13:52:53 - [MESSAGE][PASSED] - Object: 'Object Repository/2.NewActivity_Object_Repository/i_caret pull-right' is clicked on

2018-07-01 13:52:53 - [TEST_STEP][PASSED] - click: Object: 'Object Repository/2.NewActivity_Object_Repository/span_Project' is clicked on

2018-07-01 13:52:53 - [MESSAGE][PASSED] - Object: 'Object Repository/2.NewActivity_Object_Repository/span_Project' is clicked on

2018-07-01 13:52:53 - [TEST_STEP][PASSED] - click: Object: 'Object Repository/2.NewActivity_Object_Repository/i_caret pull-right_1' is clicked on

2018-07-01 13:52:54 - [MESSAGE][PASSED] - Object: 'Object Repository/2.NewActivity_Object_Repository/i_caret pull-right_1' is clicked on

2018-07-01 13:52:54 - [TEST_STEP][PASSED] - click: Object: 'Object Repository/2.NewActivity_Object_Repository/span_Meeting With Client' is clicked on

2018-07-01 13:52:54 - [MESSAGE][PASSED] - Object: 'Object Repository/2.NewActivity_Object_Repository/span_Meeting With Client' is clicked on

2018-07-01 13:52:54 - [TEST_STEP][PASSED] - click: Object: 'Object Repository/2.NewActivity_Object_Repository/input_form-control ng-pristine' is clicked on

2018-07-01 13:52:54 - [MESSAGE][PASSED] - Object: 'Object Repository/2.NewActivity_Object_Repository/input_form-control ng-pristine' is clicked on

2018-07-01 13:52:54 - [TEST_STEP][PASSED] - setText: Text '01:00' is set on object 'Object Repository/2.NewActivity_Object_Repository/input_form-control ng-pristine'

2018-07-01 13:52:55 - [MESSAGE][PASSED] - Text '01:00' is set on object 'Object Repository/2.NewActivity_Object_Repository/input_form-control ng-pristine'

2018-07-01 13:52:55 - [TEST_STEP][PASSED] - sendKeys: Keys 'TAB + ' sent to object: 'Object Repository/2.NewActivity_Object_Repository/input_form-control ng-pristine'

2018-07-01 13:52:55 - [MESSAGE][PASSED] - Keys 'TAB + ' sent to object: 'Object Repository/2.NewActivity_Object_Repository/input_form-control ng-pristine'

2018-07-01 13:52:55 - [TEST_STEP][PASSED] - click: Object: 'Object Repository/2.NewActivity_Object_Repository/input_form-control ng-pristine' is clicked on

2018-07-01 13:52:55 - [MESSAGE][PASSED] - Object: 'Object Repository/2.NewActivity_Object_Repository/input_form-control ng-pristine' is clicked on

2018-07-01 13:52:55 - [TEST_STEP][PASSED] - setText: Text '02' is set on object 'Object Repository/2.NewActivity_Object_Repository/input_form-control ng-pristine'

2018-07-01 13:52:55 - [MESSAGE][PASSED] - Text '02' is set on object 'Object Repository/2.NewActivity_Object_Repository/input_form-control ng-pristine'

2018-07-01 13:52:55 - [TEST_STEP][PASSED] - setText: Text '10' is set on object 'Object Repository/2.NewActivity_Object_Repository/input_addCost'

2018-07-01 13:52:55 - [MESSAGE][PASSED] - Text '10' is set on object 'Object Repository/2.NewActivity_Object_Repository/input_addCost'

2018-07-01 13:52:55 - [TEST_STEP][PASSED] - doubleClick: Object: 'Object Repository/2.NewActivity_Object_Repository/textarea_form-control ng-untou' is double clicked on

2018-07-01 13:52:56 - [MESSAGE][PASSED] - Object: 'Object Repository/2.NewActivity_Object_Repository/textarea_form-control ng-untou' is double clicked on

2018-07-01 13:52:56 - [TEST_STEP][PASSED] - setText: Text 'description' is set on object 'Object Repository/2.NewActivity_Object_Repository/textarea_form-control ng-untou'

2018-07-01 13:52:56 - [MESSAGE][PASSED] - Text 'description' is set on object 'Object Repository/2.NewActivity_Object_Repository/textarea_form-control ng-untou'

2018-07-01 13:52:56 - [TEST_STEP][PASSED] - Statement - attribute = com.kms.katalon.core.webui.keyword.WebUiBuiltInKeywords.getAttribute(com.kms.katalon.core.testobject.ObjectRepository.findTestObject(2.NewActivity_Object_Repository/textarea_form-control ng-untou), "value"): Attribute 'value' of object 'Object Repository/2.NewActivity_Object_Repository/textarea_form-control ng-untou' is: 'description'

2018-07-01 13:52:56 - [MESSAGE][PASSED] - Attribute 'value' of object 'Object Repository/2.NewActivity_Object_Repository/textarea_form-control ng-untou' is: 'description'

2018-07-01 13:52:56 - [TEST_STEP][PASSED] - Statement - assert attribute == "description": null

2018-07-01 13:52:56 - [TEST_STEP][PASSED] - click: Object: 'Object Repository/2.NewActivity_Object_Repository/button_Submit' is clicked on

2018-07-01 13:52:56 - [MESSAGE][PASSED] - Object: 'Object Repository/2.NewActivity_Object_Repository/button_Submit' is clicked on]]></system-out>
         <system-err><![CDATA[]]></system-err>
      </testcase>
      <testcase name="Test Cases/3.Create_Invoice/CreateInvoice_TestCase" classname="Test Cases/3.Create_Invoice/CreateInvoice_TestCase" status="PASSED">
         <system-out><![CDATA[2018-07-01 13:52:56 - [TEST_CASE][PASSED] - Test Cases/3.Create_Invoice/CreateInvoice_TestCase: Test Cases/3.Create_Invoice/CreateInvoice_TestCase

2018-07-01 13:52:57 - [TEST_STEP][PASSED] - click: Object: 'Object Repository/3.CreateInvoice_Object_Repository/a_Manage' is clicked on

2018-07-01 13:52:57 - [MESSAGE][PASSED] - Object: 'Object Repository/3.CreateInvoice_Object_Repository/a_Manage' is clicked on

2018-07-01 13:52:57 - [TEST_STEP][PASSED] - click: Object: 'Object Repository/3.CreateInvoice_Object_Repository/a_Invoices' is clicked on

2018-07-01 13:52:57 - [MESSAGE][PASSED] - Object: 'Object Repository/3.CreateInvoice_Object_Repository/a_Invoices' is clicked on

2018-07-01 13:52:57 - [TEST_STEP][PASSED] - click: Object: 'Object Repository/3.CreateInvoice_Object_Repository/a_Create New Invoice' is clicked on

2018-07-01 13:52:57 - [MESSAGE][PASSED] - Object: 'Object Repository/3.CreateInvoice_Object_Repository/a_Create New Invoice' is clicked on

2018-07-01 13:52:57 - [TEST_STEP][PASSED] - click: Object: 'Object Repository/3.CreateInvoice_Object_Repository/input_ng-pristine ng-untouched' is clicked on

2018-07-01 13:52:59 - [MESSAGE][PASSED] - Object: 'Object Repository/3.CreateInvoice_Object_Repository/input_ng-pristine ng-untouched' is clicked on

2018-07-01 13:52:59 - [TEST_STEP][PASSED] - click: Object: 'Object Repository/3.CreateInvoice_Object_Repository/button_Invoice selected' is clicked on

2018-07-01 13:52:59 - [MESSAGE][PASSED] - Object: 'Object Repository/3.CreateInvoice_Object_Repository/button_Invoice selected' is clicked on

2018-07-01 13:52:59 - [TEST_STEP][PASSED] - setText: Text 'GST' is set on object 'Object Repository/3.CreateInvoice_Object_Repository/input_tax-name'

2018-07-01 13:52:59 - [MESSAGE][PASSED] - Text 'GST' is set on object 'Object Repository/3.CreateInvoice_Object_Repository/input_tax-name'

2018-07-01 13:52:59 - [TEST_STEP][PASSED] - setText: Text '14' is set on object 'Object Repository/3.CreateInvoice_Object_Repository/input_tax-value'

2018-07-01 13:53:00 - [MESSAGE][PASSED] - Text '14' is set on object 'Object Repository/3.CreateInvoice_Object_Repository/input_tax-value'

2018-07-01 13:53:00 - [TEST_STEP][PASSED] - setText: Text 'invoice text' is set on object 'Object Repository/3.CreateInvoice_Object_Repository/textarea_invoice-text'

2018-07-01 13:53:00 - [MESSAGE][PASSED] - Text 'invoice text' is set on object 'Object Repository/3.CreateInvoice_Object_Repository/textarea_invoice-text'

2018-07-01 13:53:00 - [TEST_STEP][PASSED] - setText: Text 'note not show on invoice.' is set on object 'Object Repository/3.CreateInvoice_Object_Repository/textarea_invoice-note'

2018-07-01 13:53:00 - [MESSAGE][PASSED] - Text 'note not show on invoice.' is set on object 'Object Repository/3.CreateInvoice_Object_Repository/textarea_invoice-note'

2018-07-01 13:53:00 - [TEST_STEP][PASSED] - click: Object: 'Object Repository/3.CreateInvoice_Object_Repository/button_Create' is clicked on

2018-07-01 13:53:00 - [MESSAGE][PASSED] - Object: 'Object Repository/3.CreateInvoice_Object_Repository/button_Create' is clicked on]]></system-out>
         <system-err><![CDATA[]]></system-err>
      </testcase>
      <testcase name="Test Cases/4.TearDown/TearDown_TestCase" classname="Test Cases/4.TearDown/TearDown_TestCase" status="FAILED">
         <failure type="FAILED" message="Unable to verify object 'Object Repository/4.Teardown_Object_Repository/td_col-md-2 text-right table-c' is present (Root cause: org.openqa.selenium.WebDriverException: Failed to decode response from marionette
Build info: version: '3.7.1', revision: '8a0099a', time: '2017-11-06T21:07:36.161Z'
System info: host: 'DESKTOP-DH2KCP9', ip: '192.168.1.80', os.name: 'Windows 10', os.arch: 'amd64', os.version: '10.0', java.version: '1.8.0_102'
Driver info: com.kms.katalon.core.webui.driver.firefox.CGeckoDriver
Capabilities {acceptInsecureCerts: true, browserName: firefox, browserVersion: 61.0, javascriptEnabled: true, moz:accessibilityChecks: false, moz:headless: false, moz:processID: 18940, moz:profile: C:\Users\Zahir\AppData\Loca..., moz:useNonSpecCompliantPointerOrigin: false, moz:webdriverClick: true, pageLoadStrategy: normal, platform: XP, platformName: XP, platformVersion: 10.0, proxy: Proxy(direct), rotatable: false, timeouts: {implicit: 0, pageLoad: 300000, script: 30000}}
Session ID: f338176c-60eb-4d10-9ef3-ca2ff63ee558
*** Element info: {Using=xpath, value=//*[@class = 'col-md-2 text-right table-cell-actions']})"/>
         <system-out><![CDATA[2018-07-01 13:53:00 - [TEST_CASE][FAILED] - Test Cases/4.TearDown/TearDown_TestCase: Test Cases/4.TearDown/TearDown_TestCase FAILED because (of) Unable to verify object 'Object Repository/4.Teardown_Object_Repository/td_col-md-2 text-right table-c' is present (Root cause: org.openqa.selenium.WebDriverException: Failed to decode response from marionette
Build info: version: '3.7.1', revision: '8a0099a', time: '2017-11-06T21:07:36.161Z'
System info: host: 'DESKTOP-DH2KCP9', ip: '192.168.1.80', os.name: 'Windows 10', os.arch: 'amd64', os.version: '10.0', java.version: '1.8.0_102'
Driver info: com.kms.katalon.core.webui.driver.firefox.CGeckoDriver
Capabilities {acceptInsecureCerts: true, browserName: firefox, browserVersion: 61.0, javascriptEnabled: true, moz:accessibilityChecks: false, moz:headless: false, moz:processID: 18940, moz:profile: C:\Users\Zahir\AppData\Loca..., moz:useNonSpecCompliantPointerOrigin: false, moz:webdriverClick: true, pageLoadStrategy: normal, platform: XP, platformName: XP, platformVersion: 10.0, proxy: Proxy(direct), rotatable: false, timeouts: {implicit: 0, pageLoad: 300000, script: 30000}}
Session ID: f338176c-60eb-4d10-9ef3-ca2ff63ee558
*** Element info: {Using=xpath, value=//*[@class = 'col-md-2 text-right table-cell-actions']})

2018-07-01 13:53:01 - [TEST_STEP][PASSED] - click: Object: 'Object Repository/4.Teardown_Object_Repository/button_Delete this invoice' is clicked on

2018-07-01 13:53:01 - [MESSAGE][PASSED] - Object: 'Object Repository/4.Teardown_Object_Repository/button_Delete this invoice' is clicked on

2018-07-01 13:53:01 - [TEST_STEP][PASSED] - click: Object: 'Object Repository/4.Teardown_Object_Repository/button_Confirm' is clicked on

2018-07-01 13:53:02 - [MESSAGE][PASSED] - Object: 'Object Repository/4.Teardown_Object_Repository/button_Confirm' is clicked on

2018-07-01 13:53:02 - [TEST_STEP][PASSED] - waitForElementPresent: Object 'Object Repository/4.Teardown_Object_Repository/span_Track' is present

2018-07-01 13:53:02 - [MESSAGE][PASSED] - Object 'Object Repository/4.Teardown_Object_Repository/span_Track' is present

2018-07-01 13:53:02 - [TEST_STEP][PASSED] - click: Object: 'Object Repository/4.Teardown_Object_Repository/span_Track' is clicked on

2018-07-01 13:53:02 - [MESSAGE][PASSED] - Object: 'Object Repository/4.Teardown_Object_Repository/span_Track' is clicked on

2018-07-01 13:53:02 - [TEST_STEP][FAILED] - Statement - While (com.kms.katalon.core.webui.keyword.WebUiBuiltInKeywords.verifyElementPresent(com.kms.katalon.core.testobject.ObjectRepository.findTestObject(4.Teardown_Object_Repository/td_col-md-2 text-right table-c), 20) != false): Unable to verify object 'Object Repository/4.Teardown_Object_Repository/td_col-md-2 text-right table-c' is present (Root cause: org.openqa.selenium.WebDriverException: Failed to decode response from marionette
Build info: version: '3.7.1', revision: '8a0099a', time: '2017-11-06T21:07:36.161Z'
System info: host: 'DESKTOP-DH2KCP9', ip: '192.168.1.80', os.name: 'Windows 10', os.arch: 'amd64', os.version: '10.0', java.version: '1.8.0_102'
Driver info: com.kms.katalon.core.webui.driver.firefox.CGeckoDriver
Capabilities {acceptInsecureCerts: true, browserName: firefox, browserVersion: 61.0, javascriptEnabled: true, moz:accessibilityChecks: false, moz:headless: false, moz:processID: 18940, moz:profile: C:\Users\Zahir\AppData\Loca..., moz:useNonSpecCompliantPointerOrigin: false, moz:webdriverClick: true, pageLoadStrategy: normal, platform: XP, platformName: XP, platformVersion: 10.0, proxy: Proxy(direct), rotatable: false, timeouts: {implicit: 0, pageLoad: 300000, script: 30000}}
Session ID: f338176c-60eb-4d10-9ef3-ca2ff63ee558
*** Element info: {Using=xpath, value=//*[@class = 'col-md-2 text-right table-cell-actions']})

2018-07-01 13:53:03 - [MESSAGE][PASSED] - Object 'Object Repository/4.Teardown_Object_Repository/td_col-md-2 text-right table-c' is present

2018-07-01 13:53:03 - [TEST_STEP][PASSED] - waitForElementPresent: Object 'Object Repository/4.Teardown_Object_Repository/button_deleteTodayLog' is present

2018-07-01 13:53:04 - [MESSAGE][PASSED] - Object 'Object Repository/4.Teardown_Object_Repository/button_deleteTodayLog' is present

2018-07-01 13:53:04 - [TEST_STEP][PASSED] - click: Object: 'Object Repository/4.Teardown_Object_Repository/button_deleteTodayLog' is clicked on

2018-07-01 13:53:04 - [MESSAGE][PASSED] - Object: 'Object Repository/4.Teardown_Object_Repository/button_deleteTodayLog' is clicked on

2018-07-01 13:53:04 - [TEST_STEP][PASSED] - waitForElementPresent: Object 'Object Repository/4.Teardown_Object_Repository/button_OK' is present

2018-07-01 13:53:04 - [MESSAGE][PASSED] - Object 'Object Repository/4.Teardown_Object_Repository/button_OK' is present

2018-07-01 13:53:04 - [TEST_STEP][PASSED] - click: Object: 'Object Repository/4.Teardown_Object_Repository/button_OK' is clicked on

2018-07-01 13:53:04 - [MESSAGE][PASSED] - Object: 'Object Repository/4.Teardown_Object_Repository/button_OK' is clicked on

2018-07-01 13:53:04 - [TEST_STEP][PASSED] - Statement - If (com.kms.katalon.core.webui.keyword.WebUiBuiltInKeywords.verifyElementPresent(com.kms.katalon.core.testobject.ObjectRepository.findTestObject(4.Teardown_Object_Repository/td_col-md-2 text-right table-c), 20) != true): Object 'Object Repository/4.Teardown_Object_Repository/td_col-md-2 text-right table-c' is present

2018-07-01 13:53:04 - [MESSAGE][PASSED] - Object 'Object Repository/4.Teardown_Object_Repository/td_col-md-2 text-right table-c' is present

2018-07-01 13:53:04 - [MESSAGE][PASSED] - Object 'Object Repository/4.Teardown_Object_Repository/td_col-md-2 text-right table-c' is present

2018-07-01 13:53:04 - [TEST_STEP][PASSED] - waitForElementPresent: Object 'Object Repository/4.Teardown_Object_Repository/button_deleteTodayLog' is present

2018-07-01 13:53:04 - [MESSAGE][PASSED] - Object 'Object Repository/4.Teardown_Object_Repository/button_deleteTodayLog' is present

2018-07-01 13:53:04 - [TEST_STEP][PASSED] - click: Object: 'Object Repository/4.Teardown_Object_Repository/button_deleteTodayLog' is clicked on

2018-07-01 13:53:05 - [MESSAGE][PASSED] - Object: 'Object Repository/4.Teardown_Object_Repository/button_deleteTodayLog' is clicked on

2018-07-01 13:53:05 - [TEST_STEP][PASSED] - waitForElementPresent: Object 'Object Repository/4.Teardown_Object_Repository/button_OK' is present

2018-07-01 13:53:05 - [MESSAGE][PASSED] - Object 'Object Repository/4.Teardown_Object_Repository/button_OK' is present

2018-07-01 13:53:05 - [TEST_STEP][PASSED] - click: Object: 'Object Repository/4.Teardown_Object_Repository/button_OK' is clicked on

2018-07-01 13:53:05 - [MESSAGE][PASSED] - Object: 'Object Repository/4.Teardown_Object_Repository/button_OK' is clicked on

2018-07-01 13:53:05 - [TEST_STEP][FAILED] - Statement - If (com.kms.katalon.core.webui.keyword.WebUiBuiltInKeywords.verifyElementPresent(com.kms.katalon.core.testobject.ObjectRepository.findTestObject(4.Teardown_Object_Repository/td_col-md-2 text-right table-c), 20) != true): Unable to verify object 'Object Repository/4.Teardown_Object_Repository/td_col-md-2 text-right table-c' is present (Root cause: org.openqa.selenium.WebDriverException: Failed to decode response from marionette
Build info: version: '3.7.1', revision: '8a0099a', time: '2017-11-06T21:07:36.161Z'
System info: host: 'DESKTOP-DH2KCP9', ip: '192.168.1.80', os.name: 'Windows 10', os.arch: 'amd64', os.version: '10.0', java.version: '1.8.0_102'
Driver info: com.kms.katalon.core.webui.driver.firefox.CGeckoDriver
Capabilities {acceptInsecureCerts: true, browserName: firefox, browserVersion: 61.0, javascriptEnabled: true, moz:accessibilityChecks: false, moz:headless: false, moz:processID: 18940, moz:profile: C:\Users\Zahir\AppData\Loca..., moz:useNonSpecCompliantPointerOrigin: false, moz:webdriverClick: true, pageLoadStrategy: normal, platform: XP, platformName: XP, platformVersion: 10.0, proxy: Proxy(direct), rotatable: false, timeouts: {implicit: 0, pageLoad: 300000, script: 30000}}
Session ID: f338176c-60eb-4d10-9ef3-ca2ff63ee558
*** Element info: {Using=xpath, value=//*[@class = 'col-md-2 text-right table-cell-actions']})

2018-07-01 13:53:13 - [MESSAGE][WARNING] - Cannot take screenshot

2018-07-01 13:53:13 - [MESSAGE][FAILED] - Unable to verify object 'Object Repository/4.Teardown_Object_Repository/td_col-md-2 text-right table-c' is present (Root cause: org.openqa.selenium.WebDriverException: Failed to decode response from marionette
Build info: version: '3.7.1', revision: '8a0099a', time: '2017-11-06T21:07:36.161Z'
System info: host: 'DESKTOP-DH2KCP9', ip: '192.168.1.80', os.name: 'Windows 10', os.arch: 'amd64', os.version: '10.0', java.version: '1.8.0_102'
Driver info: com.kms.katalon.core.webui.driver.firefox.CGeckoDriver
Capabilities {acceptInsecureCerts: true, browserName: firefox, browserVersion: 61.0, javascriptEnabled: true, moz:accessibilityChecks: false, moz:headless: false, moz:processID: 18940, moz:profile: C:\Users\Zahir\AppData\Loca..., moz:useNonSpecCompliantPointerOrigin: false, moz:webdriverClick: true, pageLoadStrategy: normal, platform: XP, platformName: XP, platformVersion: 10.0, proxy: Proxy(direct), rotatable: false, timeouts: {implicit: 0, pageLoad: 300000, script: 30000}}
Session ID: f338176c-60eb-4d10-9ef3-ca2ff63ee558
*** Element info: {Using=xpath, value=//*[@class = 'col-md-2 text-right table-cell-actions']})]]></system-out>
         <system-err><![CDATA[2018-07-01 13:53:00 - [TEST_CASE][FAILED] - Test Cases/4.TearDown/TearDown_TestCase: Test Cases/4.TearDown/TearDown_TestCase FAILED because (of) Unable to verify object 'Object Repository/4.Teardown_Object_Repository/td_col-md-2 text-right table-c' is present (Root cause: org.openqa.selenium.WebDriverException: Failed to decode response from marionette
Build info: version: '3.7.1', revision: '8a0099a', time: '2017-11-06T21:07:36.161Z'
System info: host: 'DESKTOP-DH2KCP9', ip: '192.168.1.80', os.name: 'Windows 10', os.arch: 'amd64', os.version: '10.0', java.version: '1.8.0_102'
Driver info: com.kms.katalon.core.webui.driver.firefox.CGeckoDriver
Capabilities {acceptInsecureCerts: true, browserName: firefox, browserVersion: 61.0, javascriptEnabled: true, moz:accessibilityChecks: false, moz:headless: false, moz:processID: 18940, moz:profile: C:\Users\Zahir\AppData\Loca..., moz:useNonSpecCompliantPointerOrigin: false, moz:webdriverClick: true, pageLoadStrategy: normal, platform: XP, platformName: XP, platformVersion: 10.0, proxy: Proxy(direct), rotatable: false, timeouts: {implicit: 0, pageLoad: 300000, script: 30000}}
Session ID: f338176c-60eb-4d10-9ef3-ca2ff63ee558
*** Element info: {Using=xpath, value=//*[@class = 'col-md-2 text-right table-cell-actions']})]]></system-err>
      </testcase>
      <testcase name="Test Cases/5.Logout/Logout_TestCase" classname="Test Cases/5.Logout/Logout_TestCase" status="FAILED">
         <failure type="FAILED" message="Unable to click on object 'Object Repository/5.Logout_Object_Repository/a_Zahir Babur' (Root cause: org.openqa.selenium.SessionNotCreatedException: Tried to run command without establishing a connection
Build info: version: '3.7.1', revision: '8a0099a', time: '2017-11-06T21:07:36.161Z'
System info: host: 'DESKTOP-DH2KCP9', ip: '192.168.1.80', os.name: 'Windows 10', os.arch: 'amd64', os.version: '10.0', java.version: '1.8.0_102'
Driver info: com.kms.katalon.core.webui.driver.firefox.CGeckoDriver
Capabilities {acceptInsecureCerts: true, browserName: firefox, browserVersion: 61.0, javascriptEnabled: true, moz:accessibilityChecks: false, moz:headless: false, moz:processID: 18940, moz:profile: C:\Users\Zahir\AppData\Loca..., moz:useNonSpecCompliantPointerOrigin: false, moz:webdriverClick: true, pageLoadStrategy: normal, platform: XP, platformName: XP, platformVersion: 10.0, proxy: Proxy(direct), rotatable: false, timeouts: {implicit: 0, pageLoad: 300000, script: 30000}}
Session ID: f338176c-60eb-4d10-9ef3-ca2ff63ee558
*** Element info: {Using=xpath, value=//*[(text() = 'Zahir Babur          ' or . = 'Zahir Babur          ')]})"/>
         <system-out><![CDATA[2018-07-01 13:53:13 - [TEST_CASE][FAILED] - Test Cases/5.Logout/Logout_TestCase: Test Cases/5.Logout/Logout_TestCase FAILED because (of) Unable to click on object 'Object Repository/5.Logout_Object_Repository/a_Zahir Babur' (Root cause: org.openqa.selenium.SessionNotCreatedException: Tried to run command without establishing a connection
Build info: version: '3.7.1', revision: '8a0099a', time: '2017-11-06T21:07:36.161Z'
System info: host: 'DESKTOP-DH2KCP9', ip: '192.168.1.80', os.name: 'Windows 10', os.arch: 'amd64', os.version: '10.0', java.version: '1.8.0_102'
Driver info: com.kms.katalon.core.webui.driver.firefox.CGeckoDriver
Capabilities {acceptInsecureCerts: true, browserName: firefox, browserVersion: 61.0, javascriptEnabled: true, moz:accessibilityChecks: false, moz:headless: false, moz:processID: 18940, moz:profile: C:\Users\Zahir\AppData\Loca..., moz:useNonSpecCompliantPointerOrigin: false, moz:webdriverClick: true, pageLoadStrategy: normal, platform: XP, platformName: XP, platformVersion: 10.0, proxy: Proxy(direct), rotatable: false, timeouts: {implicit: 0, pageLoad: 300000, script: 30000}}
Session ID: f338176c-60eb-4d10-9ef3-ca2ff63ee558
*** Element info: {Using=xpath, value=//*[(text() = 'Zahir Babur          ' or . = 'Zahir Babur          ')]})

2018-07-01 13:53:14 - [TEST_STEP][FAILED] - click: Unable to click on object 'Object Repository/5.Logout_Object_Repository/a_Zahir Babur' (Root cause: org.openqa.selenium.SessionNotCreatedException: Tried to run command without establishing a connection
Build info: version: '3.7.1', revision: '8a0099a', time: '2017-11-06T21:07:36.161Z'
System info: host: 'DESKTOP-DH2KCP9', ip: '192.168.1.80', os.name: 'Windows 10', os.arch: 'amd64', os.version: '10.0', java.version: '1.8.0_102'
Driver info: com.kms.katalon.core.webui.driver.firefox.CGeckoDriver
Capabilities {acceptInsecureCerts: true, browserName: firefox, browserVersion: 61.0, javascriptEnabled: true, moz:accessibilityChecks: false, moz:headless: false, moz:processID: 18940, moz:profile: C:\Users\Zahir\AppData\Loca..., moz:useNonSpecCompliantPointerOrigin: false, moz:webdriverClick: true, pageLoadStrategy: normal, platform: XP, platformName: XP, platformVersion: 10.0, proxy: Proxy(direct), rotatable: false, timeouts: {implicit: 0, pageLoad: 300000, script: 30000}}
Session ID: f338176c-60eb-4d10-9ef3-ca2ff63ee558
*** Element info: {Using=xpath, value=//*[(text() = 'Zahir Babur          ' or . = 'Zahir Babur          ')]})

2018-07-01 13:53:14 - [MESSAGE][WARNING] - Cannot take screenshot

2018-07-01 13:53:14 - [MESSAGE][FAILED] - Unable to click on object 'Object Repository/5.Logout_Object_Repository/a_Zahir Babur' (Root cause: org.openqa.selenium.SessionNotCreatedException: Tried to run command without establishing a connection
Build info: version: '3.7.1', revision: '8a0099a', time: '2017-11-06T21:07:36.161Z'
System info: host: 'DESKTOP-DH2KCP9', ip: '192.168.1.80', os.name: 'Windows 10', os.arch: 'amd64', os.version: '10.0', java.version: '1.8.0_102'
Driver info: com.kms.katalon.core.webui.driver.firefox.CGeckoDriver
Capabilities {acceptInsecureCerts: true, browserName: firefox, browserVersion: 61.0, javascriptEnabled: true, moz:accessibilityChecks: false, moz:headless: false, moz:processID: 18940, moz:profile: C:\Users\Zahir\AppData\Loca..., moz:useNonSpecCompliantPointerOrigin: false, moz:webdriverClick: true, pageLoadStrategy: normal, platform: XP, platformName: XP, platformVersion: 10.0, proxy: Proxy(direct), rotatable: false, timeouts: {implicit: 0, pageLoad: 300000, script: 30000}}
Session ID: f338176c-60eb-4d10-9ef3-ca2ff63ee558
*** Element info: {Using=xpath, value=//*[(text() = 'Zahir Babur          ' or . = 'Zahir Babur          ')]})]]></system-out>
         <system-err><![CDATA[2018-07-01 13:53:13 - [TEST_CASE][FAILED] - Test Cases/5.Logout/Logout_TestCase: Test Cases/5.Logout/Logout_TestCase FAILED because (of) Unable to click on object 'Object Repository/5.Logout_Object_Repository/a_Zahir Babur' (Root cause: org.openqa.selenium.SessionNotCreatedException: Tried to run command without establishing a connection
Build info: version: '3.7.1', revision: '8a0099a', time: '2017-11-06T21:07:36.161Z'
System info: host: 'DESKTOP-DH2KCP9', ip: '192.168.1.80', os.name: 'Windows 10', os.arch: 'amd64', os.version: '10.0', java.version: '1.8.0_102'
Driver info: com.kms.katalon.core.webui.driver.firefox.CGeckoDriver
Capabilities {acceptInsecureCerts: true, browserName: firefox, browserVersion: 61.0, javascriptEnabled: true, moz:accessibilityChecks: false, moz:headless: false, moz:processID: 18940, moz:profile: C:\Users\Zahir\AppData\Loca..., moz:useNonSpecCompliantPointerOrigin: false, moz:webdriverClick: true, pageLoadStrategy: normal, platform: XP, platformName: XP, platformVersion: 10.0, proxy: Proxy(direct), rotatable: false, timeouts: {implicit: 0, pageLoad: 300000, script: 30000}}
Session ID: f338176c-60eb-4d10-9ef3-ca2ff63ee558
*** Element info: {Using=xpath, value=//*[(text() = 'Zahir Babur          ' or . = 'Zahir Babur          ')]})]]></system-err>
      </testcase>
      <system-out><![CDATA[2018-07-01 13:52:26 - [TEST_SUITE][FAILED] - MyHours_TestSuite: Test Cases/4.TearDown/TearDown_TestCase FAILED because (of) Unable to verify object 'Object Repository/4.Teardown_Object_Repository/td_col-md-2 text-right table-c' is present (Root cause: org.openqa.selenium.WebDriverException: Failed to decode response from marionette
Build info: version: '3.7.1', revision: '8a0099a', time: '2017-11-06T21:07:36.161Z'
System info: host: 'DESKTOP-DH2KCP9', ip: '192.168.1.80', os.name: 'Windows 10', os.arch: 'amd64', os.version: '10.0', java.version: '1.8.0_102'
Driver info: com.kms.katalon.core.webui.driver.firefox.CGeckoDriver
Capabilities {acceptInsecureCerts: true, browserName: firefox, browserVersion: 61.0, javascriptEnabled: true, moz:accessibilityChecks: false, moz:headless: false, moz:processID: 18940, moz:profile: C:\Users\Zahir\AppData\Loca..., moz:useNonSpecCompliantPointerOrigin: false, moz:webdriverClick: true, pageLoadStrategy: normal, platform: XP, platformName: XP, platformVersion: 10.0, proxy: Proxy(direct), rotatable: false, timeouts: {implicit: 0, pageLoad: 300000, script: 30000}}
Session ID: f338176c-60eb-4d10-9ef3-ca2ff63ee558
*** Element info: {Using=xpath, value=//*[@class = 'col-md-2 text-right table-cell-actions']})]]></system-out>
      <system-err><![CDATA[2018-07-01 13:52:26 - [TEST_SUITE][FAILED] - MyHours_TestSuite: Test Cases/4.TearDown/TearDown_TestCase FAILED because (of) Unable to verify object 'Object Repository/4.Teardown_Object_Repository/td_col-md-2 text-right table-c' is present (Root cause: org.openqa.selenium.WebDriverException: Failed to decode response from marionette
Build info: version: '3.7.1', revision: '8a0099a', time: '2017-11-06T21:07:36.161Z'
System info: host: 'DESKTOP-DH2KCP9', ip: '192.168.1.80', os.name: 'Windows 10', os.arch: 'amd64', os.version: '10.0', java.version: '1.8.0_102'
Driver info: com.kms.katalon.core.webui.driver.firefox.CGeckoDriver
Capabilities {acceptInsecureCerts: true, browserName: firefox, browserVersion: 61.0, javascriptEnabled: true, moz:accessibilityChecks: false, moz:headless: false, moz:processID: 18940, moz:profile: C:\Users\Zahir\AppData\Loca..., moz:useNonSpecCompliantPointerOrigin: false, moz:webdriverClick: true, pageLoadStrategy: normal, platform: XP, platformName: XP, platformVersion: 10.0, proxy: Proxy(direct), rotatable: false, timeouts: {implicit: 0, pageLoad: 300000, script: 30000}}
Session ID: f338176c-60eb-4d10-9ef3-ca2ff63ee558
*** Element info: {Using=xpath, value=//*[@class = 'col-md-2 text-right table-cell-actions']})]]></system-err>
   </testsuite>
</testsuites>
